  Compiling CUDA source file kernel.cu...
  
  D:\My Documents\Visual Studio 2017\Projects\CudaExamples\BlockThread>"C:\Program Files\NVIDIA GPU Computing Toolkit\CUDA\v9.2\bin\nvcc.exe" -gencode=arch=compute_30,code=\"sm_30,compute_30\" --use-local-env -ccbin "C:\Program Files (x86)\Microsoft Visual Studio\2017\Community\VC\Tools\MSVC\14.11.25503\bin\HostX86\x64" -x cu  -I"C:\Program Files\NVIDIA GPU Computing Toolkit\CUDA\v9.2\include" -I"C:\Program Files\NVIDIA GPU Computing Toolkit\CUDA\v9.2\include"  -G   --keep-dir x64\Debug -maxrregcount=0  --machine 64 --compile -cudart static  -g   -DWIN32 -DWIN64 -D_DEBUG -D_CONSOLE -D_MBCS -Xcompiler "/EHsc /W3 /nologo /Od /Fdx64\Debug\vc141.pdb /FS /Zi /RTC1 /MDd " -o x64\Debug\kernel.cu.obj "D:\My Documents\Visual Studio 2017\Projects\CudaExamples\BlockThread\kernel.cu" 
C:\Program Files\NVIDIA GPU Computing Toolkit\CUDA\v9.2\include\cuda_runtime.h : warning C4819: 檔案含有無法在目前字碼頁 (950) 中表示的字元。請以 Unicode 格式儲存檔案以防止資料遺失
c:\program files\nvidia gpu computing toolkit\cuda\v9.2\include\cuda_runtime_api.h(1927): warning C4819: 檔案含有無法在目前字碼頁 (950) 中表示的字元。請以 Unicode 格式儲存檔案以防止資料遺失
c:\program files\nvidia gpu computing toolkit\cuda\v9.2\include\cuda_runtime_api.h(1927): warning C4819: 檔案含有無法在目前字碼頁 (950) 中表示的字元。請以 Unicode 格式儲存檔案以防止資料遺失
c:\program files\nvidia gpu computing toolkit\cuda\v9.2\include\crt\math_functions.h : warning C4819: 檔案含有無法在目前字碼頁 (950) 中表示的字元。請以 Unicode 格式儲存檔案以防止資料遺失
c:\program files\nvidia gpu computing toolkit\cuda\v9.2\include\crt\math_functions.h(831): warning C4819: 檔案含有無法在目前字碼頁 (950) 中表示的字元。請以 Unicode 格式儲存檔案以防止資料遺失
c:\program files\nvidia gpu computing toolkit\cuda\v9.2\include\crt\math_functions.h(1769): warning C4819: 檔案含有無法在目前字碼頁 (950) 中表示的字元。請以 Unicode 格式儲存檔案以防止資料遺失
c:\program files\nvidia gpu computing toolkit\cuda\v9.2\include\crt\math_functions.h(2624): warning C4819: 檔案含有無法在目前字碼頁 (950) 中表示的字元。請以 Unicode 格式儲存檔案以防止資料遺失
c:\program files\nvidia gpu computing toolkit\cuda\v9.2\include\crt\math_functions.h(3462): warning C4819: 檔案含有無法在目前字碼頁 (950) 中表示的字元。請以 Unicode 格式儲存檔案以防止資料遺失
c:\program files\nvidia gpu computing toolkit\cuda\v9.2\include\crt\math_functions.h(4411): warning C4819: 檔案含有無法在目前字碼頁 (950) 中表示的字元。請以 Unicode 格式儲存檔案以防止資料遺失
c:\program files\nvidia gpu computing toolkit\cuda\v9.2\include\crt\math_functions.h(5309): warning C4819: 檔案含有無法在目前字碼頁 (950) 中表示的字元。請以 Unicode 格式儲存檔案以防止資料遺失
c:\program files\nvidia gpu computing toolkit\cuda\v9.2\include\crt\math_functions.h(6217): warning C4819: 檔案含有無法在目前字碼頁 (950) 中表示的字元。請以 Unicode 格式儲存檔案以防止資料遺失
c:\program files\nvidia gpu computing toolkit\cuda\v9.2\include\crt\math_functions.h(7097): warning C4819: 檔案含有無法在目前字碼頁 (950) 中表示的字元。請以 Unicode 格式儲存檔案以防止資料遺失
c:\program files\nvidia gpu computing toolkit\cuda\v9.2\include\crt\math_functions.h(7901): warning C4819: 檔案含有無法在目前字碼頁 (950) 中表示的字元。請以 Unicode 格式儲存檔案以防止資料遺失
c:\program files\nvidia gpu computing toolkit\cuda\v9.2\include\crt/device_functions.h : warning C4819: 檔案含有無法在目前字碼頁 (950) 中表示的字元。請以 Unicode 格式儲存檔案以防止資料遺失
c:\program files\nvidia gpu computing toolkit\cuda\v9.2\include\crt/device_functions.h(776): warning C4819: 檔案含有無法在目前字碼頁 (950) 中表示的字元。請以 Unicode 格式儲存檔案以防止資料遺失
c:\program files\nvidia gpu computing toolkit\cuda\v9.2\include\crt/device_functions.h(1636): warning C4819: 檔案含有無法在目前字碼頁 (950) 中表示的字元。請以 Unicode 格式儲存檔案以防止資料遺失
c:\program files\nvidia gpu computing toolkit\cuda\v9.2\include\crt\device_double_functions.h : warning C4819: 檔案含有無法在目前字碼頁 (950) 中表示的字元。請以 Unicode 格式儲存檔案以防止資料遺失
c:\program files\nvidia gpu computing toolkit\cuda\v9.2\include\sm_20_intrinsics.h : warning C4819: 檔案含有無法在目前字碼頁 (950) 中表示的字元。請以 Unicode 格式儲存檔案以防止資料遺失
c:\program files\nvidia gpu computing toolkit\cuda\v9.2\include\sm_20_intrinsics.h(925): warning C4819: 檔案含有無法在目前字碼頁 (950) 中表示的字元。請以 Unicode 格式儲存檔案以防止資料遺失
C:\Program Files\NVIDIA GPU Computing Toolkit\CUDA\v9.2\include\cuda_runtime.h : warning C4819: 檔案含有無法在目前字碼頁 (950) 中表示的字元。請以 Unicode 格式儲存檔案以防止資料遺失
c:\program files\nvidia gpu computing toolkit\cuda\v9.2\include\cuda_runtime_api.h(1927): warning C4819: 檔案含有無法在目前字碼頁 (950) 中表示的字元。請以 Unicode 格式儲存檔案以防止資料遺失
c:\program files\nvidia gpu computing toolkit\cuda\v9.2\include\cuda_runtime_api.h(1927): warning C4819: 檔案含有無法在目前字碼頁 (950) 中表示的字元。請以 Unicode 格式儲存檔案以防止資料遺失
c:\program files\nvidia gpu computing toolkit\cuda\v9.2\include\crt\math_functions.h : warning C4819: 檔案含有無法在目前字碼頁 (950) 中表示的字元。請以 Unicode 格式儲存檔案以防止資料遺失
c:\program files\nvidia gpu computing toolkit\cuda\v9.2\include\crt\math_functions.h(831): warning C4819: 檔案含有無法在目前字碼頁 (950) 中表示的字元。請以 Unicode 格式儲存檔案以防止資料遺失
c:\program files\nvidia gpu computing toolkit\cuda\v9.2\include\crt\math_functions.h(1769): warning C4819: 檔案含有無法在目前字碼頁 (950) 中表示的字元。請以 Unicode 格式儲存檔案以防止資料遺失
c:\program files\nvidia gpu computing toolkit\cuda\v9.2\include\crt\math_functions.h(2624): warning C4819: 檔案含有無法在目前字碼頁 (950) 中表示的字元。請以 Unicode 格式儲存檔案以防止資料遺失
c:\program files\nvidia gpu computing toolkit\cuda\v9.2\include\crt\math_functions.h(3462): warning C4819: 檔案含有無法在目前字碼頁 (950) 中表示的字元。請以 Unicode 格式儲存檔案以防止資料遺失
c:\program files\nvidia gpu computing toolkit\cuda\v9.2\include\crt\math_functions.h(4411): warning C4819: 檔案含有無法在目前字碼頁 (950) 中表示的字元。請以 Unicode 格式儲存檔案以防止資料遺失
c:\program files\nvidia gpu computing toolkit\cuda\v9.2\include\crt\math_functions.h(5309): warning C4819: 檔案含有無法在目前字碼頁 (950) 中表示的字元。請以 Unicode 格式儲存檔案以防止資料遺失
c:\program files\nvidia gpu computing toolkit\cuda\v9.2\include\crt\math_functions.h(6217): warning C4819: 檔案含有無法在目前字碼頁 (950) 中表示的字元。請以 Unicode 格式儲存檔案以防止資料遺失
c:\program files\nvidia gpu computing toolkit\cuda\v9.2\include\crt\math_functions.h(7097): warning C4819: 檔案含有無法在目前字碼頁 (950) 中表示的字元。請以 Unicode 格式儲存檔案以防止資料遺失
c:\program files\nvidia gpu computing toolkit\cuda\v9.2\include\crt\math_functions.h(7901): warning C4819: 檔案含有無法在目前字碼頁 (950) 中表示的字元。請以 Unicode 格式儲存檔案以防止資料遺失
c:\program files\nvidia gpu computing toolkit\cuda\v9.2\include\crt/device_functions.h : warning C4819: 檔案含有無法在目前字碼頁 (950) 中表示的字元。請以 Unicode 格式儲存檔案以防止資料遺失
c:\program files\nvidia gpu computing toolkit\cuda\v9.2\include\crt/device_functions.h(776): warning C4819: 檔案含有無法在目前字碼頁 (950) 中表示的字元。請以 Unicode 格式儲存檔案以防止資料遺失
c:\program files\nvidia gpu computing toolkit\cuda\v9.2\include\crt/device_functions.h(1636): warning C4819: 檔案含有無法在目前字碼頁 (950) 中表示的字元。請以 Unicode 格式儲存檔案以防止資料遺失
c:\program files\nvidia gpu computing toolkit\cuda\v9.2\include\crt\device_double_functions.h : warning C4819: 檔案含有無法在目前字碼頁 (950) 中表示的字元。請以 Unicode 格式儲存檔案以防止資料遺失
c:\program files\nvidia gpu computing toolkit\cuda\v9.2\include\sm_20_intrinsics.h : warning C4819: 檔案含有無法在目前字碼頁 (950) 中表示的字元。請以 Unicode 格式儲存檔案以防止資料遺失
c:\program files\nvidia gpu computing toolkit\cuda\v9.2\include\sm_20_intrinsics.h(925): warning C4819: 檔案含有無法在目前字碼頁 (950) 中表示的字元。請以 Unicode 格式儲存檔案以防止資料遺失
  kernel.cu
c:\program files\nvidia gpu computing toolkit\cuda\v9.2\include\crt\math_functions.h : warning C4819: 檔案含有無法在目前字碼頁 (950) 中表示的字元。請以 Unicode 格式儲存檔案以防止資料遺失
c:\program files\nvidia gpu computing toolkit\cuda\v9.2\include\crt\math_functions.h(831): warning C4819: 檔案含有無法在目前字碼頁 (950) 中表示的字元。請以 Unicode 格式儲存檔案以防止資料遺失
c:\program files\nvidia gpu computing toolkit\cuda\v9.2\include\crt\math_functions.h(1769): warning C4819: 檔案含有無法在目前字碼頁 (950) 中表示的字元。請以 Unicode 格式儲存檔案以防止資料遺失
c:\program files\nvidia gpu computing toolkit\cuda\v9.2\include\crt\math_functions.h(2624): warning C4819: 檔案含有無法在目前字碼頁 (950) 中表示的字元。請以 Unicode 格式儲存檔案以防止資料遺失
c:\program files\nvidia gpu computing toolkit\cuda\v9.2\include\crt\math_functions.h(3462): warning C4819: 檔案含有無法在目前字碼頁 (950) 中表示的字元。請以 Unicode 格式儲存檔案以防止資料遺失
c:\program files\nvidia gpu computing toolkit\cuda\v9.2\include\crt\math_functions.h(4411): warning C4819: 檔案含有無法在目前字碼頁 (950) 中表示的字元。請以 Unicode 格式儲存檔案以防止資料遺失
c:\program files\nvidia gpu computing toolkit\cuda\v9.2\include\crt\math_functions.h(5309): warning C4819: 檔案含有無法在目前字碼頁 (950) 中表示的字元。請以 Unicode 格式儲存檔案以防止資料遺失
c:\program files\nvidia gpu computing toolkit\cuda\v9.2\include\crt\math_functions.h(6217): warning C4819: 檔案含有無法在目前字碼頁 (950) 中表示的字元。請以 Unicode 格式儲存檔案以防止資料遺失
c:\program files\nvidia gpu computing toolkit\cuda\v9.2\include\crt\math_functions.h(7097): warning C4819: 檔案含有無法在目前字碼頁 (950) 中表示的字元。請以 Unicode 格式儲存檔案以防止資料遺失
c:\program files\nvidia gpu computing toolkit\cuda\v9.2\include\crt\math_functions.h(7901): warning C4819: 檔案含有無法在目前字碼頁 (950) 中表示的字元。請以 Unicode 格式儲存檔案以防止資料遺失
  BlockThread.vcxproj -> D:\My Documents\Visual Studio 2017\Projects\CudaExamples\x64\Debug\BlockThread.exe
